#
# A fatal error has been detected by the Java Runtime Environment:
#
#  SIGSEGV (0xb) at pc=0x00007ff094dc1ad0, pid=5561, tid=5567
#
# JRE version: OpenJDK Runtime Environment (10.0.2+13) (build 10.0.2+13-Ubuntu-1ubuntu0.18.04.4)
# Java VM: OpenJDK 64-Bit Server VM (10.0.2+13-Ubuntu-1ubuntu0.18.04.4, mixed mode, tiered, compressed oops, g1 gc, linux-amd64)
# Problematic frame:
# V  [libjvm.so+0x808ad0]
#
# Core dump will be written. Default location: Core dumps may be processed with "/usr/share/apport/apport %p %s %c %d %P" (or dumping to /home/olive/eclipse-workspace/HiUpRecruiterTest/core.5561)
#
# If you would like to submit a bug report, please visit:
#   http://bugreport.java.com/bugreport/crash.jsp
#

---------------  S U M M A R Y ------------

Command Line: -ea -Dfile.encoding=UTF-8 org.testng.remote.RemoteTestNG -serport 38691 -protocol json -d /home/olive/eclipse-workspace/HiUpRecruiterTest/test-output /tmp/testng-eclipse-2061278747/testng-customsuite.xml

Host: Intel(R) Core(TM) i5-6200U CPU @ 2.30GHz, 4 cores, 7G, Ubuntu 18.04 LTS
Time: Mon Dec 17 15:51:58 2018 +0545 elapsed time: 0 seconds (0d 0h 0m 0s)

---------------  T H R E A D  ---------------

Current thread (0x00007ff08c012000):  JavaThread "main" [_thread_in_vm, id=5567, stack(0x00007ff0965ea000,0x00007ff0966eb000)]

Stack: [0x00007ff0965ea000,0x00007ff0966eb000],  sp=0x00007ff0966e90e0,  free space=1020k
Native frames: (J=compiled Java code, A=aot compiled Java code, j=interpreted, Vv=VM code, C=native code)
V  [libjvm.so+0x808ad0]
V  [libjvm.so+0x808d95]
V  [libjvm.so+0x9a5d35]
V  [libjvm.so+0x9ac5b8]
V  [libjvm.so+0x82e8b6]
V  [libjvm.so+0x82f9b5]
j  java.lang.Module.defineModules(Ljava/lang/module/Configuration;Ljava/util/function/Function;Ljava/lang/ModuleLayer;)Ljava/util/Map;+56 java.base@10.0.2
j  java.lang.ModuleLayer.<init>(Ljava/lang/module/Configuration;Ljava/util/List;Ljava/util/function/Function;)V+34 java.base@10.0.2
j  java.lang.ModuleLayer.defineModules(Ljava/lang/module/Configuration;Ljava/util/List;Ljava/util/function/Function;)Ljava/lang/ModuleLayer$Controller;+40 java.base@10.0.2
j  java.lang.ModuleLayer.defineModules(Ljava/lang/module/Configuration;Ljava/util/function/Function;)Ljava/lang/ModuleLayer;+6 java.base@10.0.2
j  jdk.internal.module.ModuleBootstrap.boot()Ljava/lang/ModuleLayer;+1090 java.base@10.0.2
j  java.lang.System.initPhase2(ZZ)I+0 java.base@10.0.2
v  ~StubRoutines::call_stub
V  [libjvm.so+0x83d38f]
V  [libjvm.so+0x83c5a5]
V  [libjvm.so+0xcc81a6]
V  [libjvm.so+0x8601b1]  JNI_CreateJavaVM+0x51
C  [libjli.so+0x3d83]
C  [libjli.so+0x89dd]
C  [libpthread.so.0+0x76db]  start_thread+0xdb

Java frames: (J=compiled Java code, j=interpreted, Vv=VM code)
j  java.lang.Module.defineModules(Ljava/lang/module/Configuration;Ljava/util/function/Function;Ljava/lang/ModuleLayer;)Ljava/util/Map;+56 java.base@10.0.2
j  java.lang.ModuleLayer.<init>(Ljava/lang/module/Configuration;Ljava/util/List;Ljava/util/function/Function;)V+34 java.base@10.0.2
j  java.lang.ModuleLayer.defineModules(Ljava/lang/module/Configuration;Ljava/util/List;Ljava/util/function/Function;)Ljava/lang/ModuleLayer$Controller;+40 java.base@10.0.2
j  java.lang.ModuleLayer.defineModules(Ljava/lang/module/Configuration;Ljava/util/function/Function;)Ljava/lang/ModuleLayer;+6 java.base@10.0.2
j  jdk.internal.module.ModuleBootstrap.boot()Ljava/lang/ModuleLayer;+1090 java.base@10.0.2
j  java.lang.System.initPhase2(ZZ)I+0 java.base@10.0.2
v  ~StubRoutines::call_stub

siginfo: si_signo: 11 (SIGSEGV), si_code: 1 (SEGV_MAPERR), si_addr: 0x00006ff0902a0410

Register to memory mapping:

RAX=
[error occurred during error reporting (printing register info), id 0xb]

Registers:
RAX=0x00000000ffffffff, RBX=0x00000001000181d0, RCX=0x0000000000000001, RDX=0x00007ff0900f1490
RSP=0x00007ff0966e90e0, RBP=0x00007ff0966e9100, RSI=0x00007ff0900ef230, RDI=0x00006ff0902a0410
R8 =0x0000000000000000, R9 =0x00007ff0900ef230, R10=0x00007ff0900f1490, R11=0x000000000000000b
R12=0x00007ff0900f1490, R13=0x00007ff0900ef230, R14=0x00006ff0902a0410, R15=0x0000000000000000
RIP=0x00007ff094dc1ad0, EFLAGS=0x0000000000010202, CSGSFS=0x002b000000000033, ERR=0x0000000000000004
  TRAPNO=0x000000000000000e

Top of Stack: (sp=0x00007ff0966e90e0)
0x00007ff0966e90e0:   00000001000181d0 00007ff0900f1490
0x00007ff0966e90f0:   00007ff0900ef230 00006ff0902a0410
0x00007ff0966e9100:   00007ff0966e9130 00007ff094dc1d95
0x00007ff0966e9110:   00007ff0966e92f0 00000001000181d0 

Instructions: (pc=0x00007ff094dc1ad0)
0x00007ff094dc1ab0:   48 8b 83 90 00 00 00 48 8b 40 50 eb c1 90 66 90
0x00007ff094dc1ac0:   55 b8 ff ff ff ff 48 89 e5 41 56 41 55 41 54 53
0x00007ff094dc1ad0:   44 8b 27 45 89 e2 41 01 c2 78 41 31 c0 eb 0a 90
0x00007ff094dc1ae0:   41 8d 40 01 44 39 d0 7f 2e 45 8d 04 02 41 d1 f8 


---------------  P R O C E S S  ---------------

Threads class SMR info:
_java_thread_list=0x00007ff08c1509b0, length=8, elements={
0x00007ff08c012000, 0x00007ff08c132000, 0x00007ff08c134000, 0x00007ff08c147800,
0x00007ff08c149800, 0x00007ff08c14b800, 0x00007ff08c14d800, 0x00007ff08c14f000
}

Java Threads: ( => current thread )
=>0x00007ff08c012000 JavaThread "main" [_thread_in_vm, id=5567, stack(0x00007ff0965ea000,0x00007ff0966eb000)]
  0x00007ff08c132000 JavaThread "Reference Handler" daemon [_thread_blocked, id=5580, stack(0x00007ff071a72000,0x00007ff071b73000)]
  0x00007ff08c134000 JavaThread "Finalizer" daemon [_thread_blocked, id=5581, stack(0x00007ff071971000,0x00007ff071a72000)]
  0x00007ff08c147800 JavaThread "Signal Dispatcher" daemon [_thread_blocked, id=5582, stack(0x00007ff070ea1000,0x00007ff070fa2000)]
  0x00007ff08c149800 JavaThread "C2 CompilerThread0" daemon [_thread_blocked, id=5583, stack(0x00007ff070da0000,0x00007ff070ea1000)]
  0x00007ff08c14b800 JavaThread "C2 CompilerThread1" daemon [_thread_blocked, id=5584, stack(0x00007ff070c9f000,0x00007ff070da0000)]
  0x00007ff08c14d800 JavaThread "C1 CompilerThread2" daemon [_thread_blocked, id=5585, stack(0x00007ff070b9e000,0x00007ff070c9f000)]
  0x00007ff08c14f000 JavaThread "Sweeper thread" daemon [_thread_blocked, id=5586, stack(0x00007ff070a9d000,0x00007ff070b9e000)]

Other Threads:
  0x00007ff08c128000 VMThread "VM Thread" [stack: 0x00007ff071b75000,0x00007ff071c75000] [id=5579]
  0x00007ff08c028800 GCTaskThread "GC Thread#0" [stack: 0x00007ff09270f000,0x00007ff09280f000] [id=5568]
  0x00007ff08c02a000 GCTaskThread "GC Thread#1" [stack: 0x00007ff09260d000,0x00007ff09270d000] [id=5569]
  0x00007ff08c02b800 GCTaskThread "GC Thread#2" [stack: 0x00007ff09250b000,0x00007ff09260b000] [id=5570]
  0x00007ff08c02d000 GCTaskThread "GC Thread#3" [stack: 0x00007ff092409000,0x00007ff092509000] [id=5571]
  0x00007ff08c056800 ConcurrentGCThread "G1 Main Marker" [stack: 0x00007ff091381000,0x00007ff091481000] [id=5572]
  0x00007ff08c058000 ConcurrentGCThread "G1 Conc#0" [stack: 0x00007ff09127f000,0x00007ff09137f000] [id=5573]
  0x00007ff08c0c0000 ConcurrentGCThread "G1 Refine#0" [stack: 0x00007ff090d79000,0x00007ff090e79000] [id=5574]
  0x00007ff08c0c2000 ConcurrentGCThread "G1 Refine#1" [stack: 0x00007ff090c77000,0x00007ff090d77000] [id=5575]
  0x00007ff08c0c3800 ConcurrentGCThread "G1 Refine#2" [stack: 0x00007ff090b75000,0x00007ff090c75000] [id=5576]
  0x00007ff08c0c5800 ConcurrentGCThread "G1 Refine#3" [stack: 0x00007ff090a73000,0x00007ff090b73000] [id=5577]
  0x00007ff08c0c7000 ConcurrentGCThread "G1 Young RemSet Sampling" [stack: 0x00007ff090971000,0x00007ff090a71000] [id=5578]

Threads with active compile tasks:

VM state:not at safepoint (normal execution)

VM Mutex/Monitor currently owned by a thread: None

Heap address: 0x0000000085400000, size: 1964 MB, Compressed Oops mode: 32-bit
Narrow klass base: 0x0000000000000000, Narrow klass shift: 3
Compressed class space size: 1073741824 Address: 0x0000000100000000

Heap:
 garbage-first heap   total 126976K, used 0K [0x0000000085400000, 0x0000000100000000)
  region size 1024K, 1 young (1024K), 0 survivors (0K)
 Metaspace       used 2939K, capacity 4480K, committed 4480K, reserved 1056768K
  class space    used 241K, capacity 384K, committed 384K, reserved 1048576K
Heap Regions: E=young(eden), S=young(survivor), O=old, HS=humongous(starts), HC=humongous(continues), CS=collection set, F=free, A=archive, TS=gc time stamp, AC=allocation context, TAMS=top-at-mark-start (previous, next)
|   0|0x0000000085400000, 0x0000000085400000, 0x0000000085500000|  0%| F|  |TS  0|AC  0|TAMS 0x0000000085400000, 0x0000000085400000|
|   1|0x0000000085500000, 0x0000000085500000, 0x0000000085600000|  0%| F|  |TS  0|AC  0|TAMS 0x0000000085500000, 0x0000000085500000|
|   2|0x0000000085600000, 0x0000000085600000, 0x0000000085700000|  0%| F|  |TS  0|AC  0|TAMS 0x0000000085600000, 0x0000000085600000|
|   3|0x0000000085700000, 0x0000000085700000, 0x0000000085800000|  0%| F|  |TS  0|AC  0|TAMS 0x0000000085700000, 0x0000000085700000|
|   4|0x0000000085800000, 0x0000000085800000, 0x0000000085900000|  0%| F|  |TS  0|AC  0|TAMS 0x0000000085800000, 0x0000000085800000|
|   5|0x0000000085900000, 0x0000000085900000, 0x0000000085a00000|  0%| F|  |TS  0|AC  0|TAMS 0x0000000085900000, 0x0000000085900000|
|   6|0x0000000085a00000, 0x0000000085a00000, 0x0000000085b00000|  0%| F|  |TS  0|AC  0|TAMS 0x0000000085a00000, 0x0000000085a00000|
|   7|0x0000000085b00000, 0x0000000085b00000, 0x0000000085c00000|  0%| F|  |TS  0|AC  0|TAMS 0x0000000085b00000, 0x0000000085b00000|
|   8|0x0000000085c00000, 0x0000000085c00000, 0x0000000085d00000|  0%| F|  |TS  0|AC  0|TAMS 0x0000000085c00000, 0x0000000085c00000|
|   9|0x0000000085d00000, 0x0000000085d00000, 0x0000000085e00000|  0%| F|  |TS  0|AC  0|TAMS 0x0000000085d00000, 0x0000000085d00000|
|  10|0x0000000085e00000, 0x0000000085e00000, 0x0000000085f00000|  0%| F|  |TS  0|AC  0|TAMS 0x0000000085e00000, 0x0000000085e00000|
|  11|0x0000000085f00000, 0x0000000085f00000, 0x0000000086000000|  0%| F|  |TS  0|AC  0|TAMS 0x0000000085f00000, 0x0000000085f00000|
|  12|0x0000000086000000, 0x0000000086000000, 0x0000000086100000|  0%| F|  |TS  0|AC  0|TAMS 0x0000000086000000, 0x0000000086000000|
|  13|0x0000000086100000, 0x0000000086100000, 0x0000000086200000|  0%| F|  |TS  0|AC  0|TAMS 0x0000000086100000, 0x0000000086100000|
|  14|0x0000000086200000, 0x0000000086200000, 0x0000000086300000|  0%| F|  |TS  0|AC  0|TAMS 0x0000000086200000, 0x0000000086200000|
|  15|0x0000000086300000, 0x0000000086300000, 0x0000000086400000|  0%| F|  |TS  0|AC  0|TAMS 0x0000000086300000, 0x0000000086300000|
|  16|0x0000000086400000, 0x0000000086400000, 0x0000000086500000|  0%| F|  |TS  0|AC  0|TAMS 0x0000000086400000, 0x0000000086400000|
|  17|0x0000000086500000, 0x0000000086500000, 0x0000000086600000|  0%| F|  |TS  0|AC  0|TAMS 0x0000000086500000, 0x0000000086500000|
|  18|0x0000000086600000, 0x0000000086600000, 0x0000000086700000|  0%| F|  |TS  0|AC  0|TAMS 0x0000000086600000, 0x0000000086600000|
|  19|0x0000000086700000, 0x0000000086700000, 0x0000000086800000|  0%| F|  |TS  0|AC  0|TAMS 0x0000000086700000, 0x0000000086700000|
|  20|0x0000000086800000, 0x0000000086800000, 0x0000000086900000|  0%| F|  |TS  0|AC  0|TAMS 0x0000000086800000, 0x0000000086800000|
|  21|0x0000000086900000, 0x0000000086900000, 0x0000000086a00000|  0%| F|  |TS  0|AC  0|TAMS 0x0000000086900000, 0x0000000086900000|
|  22|0x0000000086a00000, 0x0000000086a00000, 0x0000000086b00000|  0%| F|  |TS  0|AC  0|TAMS 0x0000000086a00000, 0x0000000086a00000|
|  23|0x0000000086b00000, 0x0000000086b00000, 0x0000000086c00000|  0%| F|  |TS  0|AC  0|TAMS 0x0000000086b00000, 0x0000000086b00000|
|  24|0x0000000086c00000, 0x0000000086c00000, 0x0000000086d00000|  0%| F|  |TS  0|AC  0|TAMS 0x0000000086c00000, 0x0000000086c00000|
|  25|0x0000000086d00000, 0x0000000086d00000, 0x0000000086e00000|  0%| F|  |TS  0|AC  0|TAMS 0x0000000086d00000, 0x0000000086d00000|
|  26|0x0000000086e00000, 0x0000000086e00000, 0x0000000086f00000|  0%| F|  |TS  0|AC  0|TAMS 0x0000000086e00000, 0x0000000086e00000|
|  27|0x0000000086f00000, 0x0000000086f00000, 0x0000000087000000|  0%| F|  |TS  0|AC  0|TAMS 0x0000000086f00000, 0x0000000086f00000|
|  28|0x0000000087000000, 0x0000000087000000, 0x0000000087100000|  0%| F|  |TS  0|AC  0|TAMS 0x0000000087000000, 0x0000000087000000|
|  29|0x0000000087100000, 0x0000000087100000, 0x0000000087200000|  0%| F|  |TS  0|AC  0|TAMS 0x0000000087100000, 0x0000000087100000|
|  30|0x0000000087200000, 0x0000000087200000, 0x0000000087300000|  0%| F|  |TS  0|AC  0|TAMS 0x0000000087200000, 0x0000000087200000|
|  31|0x0000000087300000, 0x0000000087300000, 0x0000000087400000|  0%| F|  |TS  0|AC  0|TAMS 0x0000000087300000, 0x0000000087300000|
|  32|0x0000000087400000, 0x0000000087400000, 0x0000000087500000|  0%| F|  |TS  0|AC  0|TAMS 0x0000000087400000, 0x0000000087400000|
|  33|0x0000000087500000, 0x0000000087500000, 0x0000000087600000|  0%| F|  |TS  0|AC  0|TAMS 0x0000000087500000, 0x0000000087500000|
|  34|0x0000000087600000, 0x0000000087600000, 0x0000000087700000|  0%| F|  |TS  0|AC  0|TAMS 0x0000000087600000, 0x0000000087600000|
|  35|0x0000000087700000, 0x0000000087700000, 0x0000000087800000|  0%| F|  |TS  0|AC  0|TAMS 0x0000000087700000, 0x0000000087700000|
|  36|0x0000000087800000, 0x0000000087800000, 0x0000000087900000|  0%| F|  |TS  0|AC  0|TAMS 0x0000000087800000, 0x0000000087800000|
|  37|0x0000000087900000, 0x0000000087900000, 0x0000000087a00000|  0%| F|  |TS  0|AC  0|TAMS 0x0000000087900000, 0x0000000087900000|
|  38|0x0000000087a00000, 0x0000000087a00000, 0x0000000087b00000|  0%| F|  |TS  0|AC  0|TAMS 0x0000000087a00000, 0x0000000087a00000|
|  39|0x0000000087b00000, 0x0000000087b00000, 0x0000000087c00000|  0%| F|  |TS  0|AC  0|TAMS 0x0000000087b00000, 0x0000000087b00000|
|  40|0x0000000087c00000, 0x0000000087c00000, 0x0000000087d00000|  0%| F|  |TS  0|AC  0|TAMS 0x0000000087c00000, 0x0000000087c00000|
|  41|0x0000000087d00000, 0x0000000087d00000, 0x0000000087e00000|  0%| F|  |TS  0|AC  0|TAMS 0x0000000087d00000, 0x0000000087d00000|
|  42|0x0000000087e00000, 0x0000000087e00000, 0x0000000087f00000|  0%| F|  |TS  0|AC  0|TAMS 0x0000000087e00000, 0x0000000087e00000|
|  43|0x0000000087f00000, 0x0000000087f00000, 0x0000000088000000|  0%| F|  |TS  0|AC  0|TAMS 0x0000000087f00000, 0x0000000087f00000|
|  44|0x0000000088000000, 0x0000000088000000, 0x0000000088100000|  0%| F|  |TS  0|AC  0|TAMS 0x0000000088000000, 0x0000000088000000|
|  45|0x0000000088100000, 0x0000000088100000, 0x0000000088200000|  0%| F|  |TS  0|AC  0|TAMS 0x0000000088100000, 0x0000000088100000|
|  46|0x0000000088200000, 0x0000000088200000, 0x0000000088300000|  0%| F|  |TS  0|AC  0|TAMS 0x0000000088200000, 0x0000000088200000|
|  47|0x0000000088300000, 0x0000000088300000, 0x0000000088400000|  0%| F|  |TS  0|AC  0|TAMS 0x0000000088300000, 0x0000000088300000|
|  48|0x0000000088400000, 0x0000000088400000, 0x0000000088500000|  0%| F|  |TS  0|AC  0|TAMS 0x0000000088400000, 0x0000000088400000|
|  49|0x0000000088500000, 0x0000000088500000, 0x0000000088600000|  0%| F|  |TS  0|AC  0|TAMS 0x0000000088500000, 0x0000000088500000|
|  50|0x0000000088600000, 0x0000000088600000, 0x0000000088700000|  0%| F|  |TS  0|AC  0|TAMS 0x0000000088600000, 0x0000000088600000|
|  51|0x0000000088700000, 0x0000000088700000, 0x0000000088800000|  0%| F|  |TS  0|AC  0|TAMS 0x0000000088700000, 0x0000000088700000|
|  52|0x0000000088800000, 0x0000000088800000, 0x0000000088900000|  0%| F|  |TS  0|AC  0|TAMS 0x0000000088800000, 0x0000000088800000|
|  53|0x0000000088900000, 0x0000000088900000, 0x0000000088a00000|  0%| F|  |TS  0|AC  0|TAMS 0x0000000088900000, 0x0000000088900000|
|  54|0x0000000088a00000, 0x0000000088a00000, 0x0000000088b00000|  0%| F|  |TS  0|AC  0|TAMS 0x0000000088a00000, 0x0000000088a00000|
|  55|0x0000000088b00000, 0x0000000088b00000, 0x0000000088c00000|  0%| F|  |TS  0|AC  0|TAMS 0x0000000088b00000, 0x0000000088b00000|
|  56|0x0000000088c00000, 0x0000000088c00000, 0x0000000088d00000|  0%| F|  |TS  0|AC  0|TAMS 0x0000000088c00000, 0x0000000088c00000|
|  57|0x0000000088d00000, 0x0000000088d00000, 0x0000000088e00000|  0%| F|  |TS  0|AC  0|TAMS 0x0000000088d00000, 0x0000000088d00000|
|  58|0x0000000088e00000, 0x0000000088e00000, 0x0000000088f00000|  0%| F|  |TS  0|AC  0|TAMS 0x0000000088e00000, 0x0000000088e00000|
|  59|0x0000000088f00000, 0x0000000088f00000, 0x0000000089000000|  0%| F|  |TS  0|AC  0|TAMS 0x0000000088f00000, 0x0000000088f00000|
|  60|0x0000000089000000, 0x0000000089000000, 0x0000000089100000|  0%| F|  |TS  0|AC  0|TAMS 0x0000000089000000, 0x0000000089000000|
|  61|0x0000000089100000, 0x0000000089100000, 0x0000000089200000|  0%| F|  |TS  0|AC  0|TAMS 0x0000000089100000, 0x0000000089100000|
|  62|0x0000000089200000, 0x0000000089200000, 0x0000000089300000|  0%| F|  |TS  0|AC  0|TAMS 0x0000000089200000, 0x0000000089200000|
|  63|0x0000000089300000, 0x0000000089300000, 0x0000000089400000|  0%| F|  |TS  0|AC  0|TAMS 0x0000000089300000, 0x0000000089300000|
|  64|0x0000000089400000, 0x0000000089400000, 0x0000000089500000|  0%| F|  |TS  0|AC  0|TAMS 0x0000000089400000, 0x0000000089400000|
|  65|0x0000000089500000, 0x0000000089500000, 0x0000000089600000|  0%| F|  |TS  0|AC  0|TAMS 0x0000000089500000, 0x0000000089500000|
|  66|0x0000000089600000, 0x0000000089600000, 0x0000000089700000|  0%| F|  |TS  0|AC  0|TAMS 0x0000000089600000, 0x0000000089600000|
|  67|0x0000000089700000, 0x0000000089700000, 0x0000000089800000|  0%| F|  |TS  0|AC  0|TAMS 0x0000000089700000, 0x0000000089700000|
|  68|0x0000000089800000, 0x0000000089800000, 0x0000000089900000|  0%| F|  |TS  0|AC  0|TAMS 0x0000000089800000, 0x0000000089800000|
|  69|0x0000000089900000, 0x0000000089900000, 0x0000000089a00000|  0%| F|  |TS  0|AC  0|TAMS 0x0000000089900000, 0x0000000089900000|
|  70|0x0000000089a00000, 0x0000000089a00000, 0x0000000089b00000|  0%| F|  |TS  0|AC  0|TAMS 0x0000000089a00000, 0x0000000089a00000|
|  71|0x0000000089b00000, 0x0000000089b00000, 0x0000000089c00000|  0%| F|  |TS  0|AC  0|TAMS 0x0000000089b00000, 0x0000000089b00000|
|  72|0x0000000089c00000, 0x0000000089c00000, 0x0000000089d00000|  0%| F|  |TS  0|AC  0|TAMS 0x0000000089c00000, 0x0000000089c00000|
|  73|0x0000000089d00000, 0x0000000089d00000, 0x0000000089e00000|  0%| F|  |TS  0|AC  0|TAMS 0x0000000089d00000, 0x0000000089d00000|
|  74|0x0000000089e00000, 0x0000000089e00000, 0x0000000089f00000|  0%| F|  |TS  0|AC  0|TAMS 0x0000000089e00000, 0x0000000089e00000|
|  75|0x0000000089f00000, 0x0000000089f00000, 0x000000008a000000|  0%| F|  |TS  0|AC  0|TAMS 0x0000000089f00000, 0x0000000089f00000|
|  76|0x000000008a000000, 0x000000008a000000, 0x000000008a100000|  0%| F|  |TS  0|AC  0|TAMS 0x000000008a000000, 0x000000008a000000|
|  77|0x000000008a100000, 0x000000008a100000, 0x000000008a200000|  0%| F|  |TS  0|AC  0|TAMS 0x000000008a100000, 0x000000008a100000|
|  78|0x000000008a200000, 0x000000008a200000, 0x000000008a300000|  0%| F|  |TS  0|AC  0|TAMS 0x000000008a200000, 0x000000008a200000|
|  79|0x000000008a300000, 0x000000008a300000, 0x000000008a400000|  0%| F|  |TS  0|AC  0|TAMS 0x000000008a300000, 0x000000008a300000|
|  80|0x000000008a400000, 0x000000008a400000, 0x000000008a500000|  0%| F|  |TS  0|AC  0|TAMS 0x000000008a400000, 0x000000008a400000|
|  81|0x000000008a500000, 0x000000008a500000, 0x000000008a600000|  0%| F|  |TS  0|AC  0|TAMS 0x000000008a500000, 0x000000008a500000|
|  82|0x000000008a600000, 0x000000008a600000, 0x000000008a700000|  0%| F|  |TS  0|AC  0|TAMS 0x000000008a600000, 0x000000008a600000|
|  83|0x000000008a700000, 0x000000008a700000, 0x000000008a800000|  0%| F|  |TS  0|AC  0|TAMS 0x000000008a700000, 0x000000008a700000|
|  84|0x000000008a800000, 0x000000008a800000, 0x000000008a900000|  0%| F|  |TS  0|AC  0|TAMS 0x000000008a800000, 0x000000008a800000|
|  85|0x000000008a900000, 0x000000008a900000, 0x000000008aa00000|  0%| F|  |TS  0|AC  0|TAMS 0x000000008a900000, 0x000000008a900000|
|  86|0x000000008aa00000, 0x000000008aa00000, 0x000000008ab00000|  0%| F|  |TS  0|AC  0|TAMS 0x000000008aa00000, 0x000000008aa00000|
|  87|0x000000008ab00000, 0x000000008ab00000, 0x000000008ac00000|  0%| F|  |TS  0|AC  0|TAMS 0x000000008ab00000, 0x000000008ab00000|
|  88|0x000000008ac00000, 0x000000008ac00000, 0x000000008ad00000|  0%| F|  |TS  0|AC  0|TAMS 0x000000008ac00000, 0x000000008ac00000|
|  89|0x000000008ad00000, 0x000000008ad00000, 0x000000008ae00000|  0%| F|  |TS  0|AC  0|TAMS 0x000000008ad00000, 0x000000008ad00000|
|  90|0x000000008ae00000, 0x000000008ae00000, 0x000000008af00000|  0%| F|  |TS  0|AC  0|TAMS 0x000000008ae00000, 0x000000008ae00000|
|  91|0x000000008af00000, 0x000000008af00000, 0x000000008b000000|  0%| F|  |TS  0|AC  0|TAMS 0x000000008af00000, 0x000000008af00000|
|  92|0x000000008b000000, 0x000000008b000000, 0x000000008b100000|  0%| F|  |TS  0|AC  0|TAMS 0x000000008b000000, 0x000000008b000000|
|  93|0x000000008b100000, 0x000000008b100000, 0x000000008b200000|  0%| F|  |TS  0|AC  0|TAMS 0x000000008b100000, 0x000000008b100000|
|  94|0x000000008b200000, 0x000000008b200000, 0x000000008b300000|  0%| F|  |TS  0|AC  0|TAMS 0x000000008b200000, 0x000000008b200000|
|  95|0x000000008b300000, 0x000000008b300000, 0x000000008b400000|  0%| F|  |TS  0|AC  0|TAMS 0x000000008b300000, 0x000000008b300000|
|  96|0x000000008b400000, 0x000000008b400000, 0x000000008b500000|  0%| F|  |TS  0|AC  0|TAMS 0x000000008b400000, 0x000000008b400000|
|  97|0x000000008b500000, 0x000000008b500000, 0x000000008b600000|  0%| F|  |TS  0|AC  0|TAMS 0x000000008b500000, 0x000000008b500000|
|  98|0x000000008b600000, 0x000000008b600000, 0x000000008b700000|  0%| F|  |TS  0|AC  0|TAMS 0x000000008b600000, 0x000000008b600000|
|  99|0x000000008b700000, 0x000000008b700000, 0x000000008b800000|  0%| F|  |TS  0|AC  0|TAMS 0x000000008b700000, 0x000000008b700000|
| 100|0x000000008b800000, 0x000000008b800000, 0x000000008b900000|  0%| F|  |TS  0|AC  0|TAMS 0x000000008b800000, 0x000000008b800000|
| 101|0x000000008b900000, 0x000000008b900000, 0x000000008ba00000|  0%| F|  |TS  0|AC  0|TAMS 0x000000008b900000, 0x000000008b900000|
| 102|0x000000008ba00000, 0x000000008ba00000, 0x000000008bb00000|  0%| F|  |TS  0|AC  0|TAMS 0x000000008ba00000, 0x000000008ba00000|
| 103|0x000000008bb00000, 0x000000008bb00000, 0x000000008bc00000|  0%| F|  |TS  0|AC  0|TAMS 0x000000008bb00000, 0x000000008bb00000|
| 104|0x000000008bc00000, 0x000000008bc00000, 0x000000008bd00000|  0%| F|  |TS  0|AC  0|TAMS 0x000000008bc00000, 0x000000008bc00000|
| 105|0x000000008bd00000, 0x000000008bd00000, 0x000000008be00000|  0%| F|  |TS  0|AC  0|TAMS 0x000000008bd00000, 0x000000008bd00000|
| 106|0x000000008be00000, 0x000000008be00000, 0x000000008bf00000|  0%| F|  |TS  0|AC  0|TAMS 0x000000008be00000, 0x000000008be00000|
| 107|0x000000008bf00000, 0x000000008bf00000, 0x000000008c000000|  0%| F|  |TS  0|AC  0|TAMS 0x000000008bf00000, 0x000000008bf00000|
| 108|0x000000008c000000, 0x000000008c000000, 0x000000008c100000|  0%| F|  |TS  0|AC  0|TAMS 0x000000008c000000, 0x000000008c000000|
| 109|0x000000008c100000, 0x000000008c100000, 0x000000008c200000|  0%| F|  |TS  0|AC  0|TAMS 0x000000008c100000, 0x000000008c100000|
| 110|0x000000008c200000, 0x000000008c200000, 0x000000008c300000|  0%| F|  |TS  0|AC  0|TAMS 0x000000008c200000, 0x000000008c200000|
| 111|0x000000008c300000, 0x000000008c300000, 0x000000008c400000|  0%| F|  |TS  0|AC  0|TAMS 0x000000008c300000, 0x000000008c300000|
| 112|0x000000008c400000, 0x000000008c400000, 0x000000008c500000|  0%| F|  |TS  0|AC  0|TAMS 0x000000008c400000, 0x000000008c400000|
| 113|0x000000008c500000, 0x000000008c500000, 0x000000008c600000|  0%| F|  |TS  0|AC  0|TAMS 0x000000008c500000, 0x000000008c500000|
| 114|0x000000008c600000, 0x000000008c600000, 0x000000008c700000|  0%| F|  |TS  0|AC  0|TAMS 0x000000008c600000, 0x000000008c600000|
| 115|0x000000008c700000, 0x000000008c700000, 0x000000008c800000|  0%| F|  |TS  0|AC  0|TAMS 0x000000008c700000, 0x000000008c700000|
| 116|0x000000008c800000, 0x000000008c800000, 0x000000008c900000|  0%| F|  |TS  0|AC  0|TAMS 0x000000008c800000, 0x000000008c800000|
| 117|0x000000008c900000, 0x000000008c900000, 0x000000008ca00000|  0%| F|  |TS  0|AC  0|TAMS 0x000000008c900000, 0x000000008c900000|
| 118|0x000000008ca00000, 0x000000008ca00000, 0x000000008cb00000|  0%| F|  |TS  0|AC  0|TAMS 0x000000008ca00000, 0x000000008ca00000|
| 119|0x000000008cb00000, 0x000000008cb00000, 0x000000008cc00000|  0%| F|  |TS  0|AC  0|TAMS 0x000000008cb00000, 0x000000008cb00000|
| 120|0x000000008cc00000, 0x000000008cc00000, 0x000000008cd00000|  0%| F|  |TS  0|AC  0|TAMS 0x000000008cc00000, 0x000000008cc00000|
| 121|0x000000008cd00000, 0x000000008cd00000, 0x000000008ce00000|  0%| F|  |TS  0|AC  0|TAMS 0x000000008cd00000, 0x000000008cd00000|
| 122|0x000000008ce00000, 0x000000008ce00000, 0x000000008cf00000|  0%| F|  |TS  0|AC  0|TAMS 0x000000008ce00000, 0x000000008ce00000|
| 123|0x000000008cf00000, 0x000000008cfd7108, 0x000000008d000000| 84%| E|  |TS  0|AC  0|TAMS 0x000000008cf00000, 0x000000008cf00000|

Card table byte_map: [0x00007ff091857000,0x00007ff091c2d000] byte_map_base: 0x00007ff09142d000

Marking Bits (Prev, Next): (CMBitMap*) 0x00007ff08c055a60, (CMBitMap*) 0x00007ff08c055a98
 Prev Bits: [0x00007ff071c75000, 0x00007ff073b25000)
 Next Bits: [0x00007ff062150000, 0x00007ff064000000)

Polling page: 0x00007ff0966ff000

CodeHeap 'non-profiled nmethods': size=120032Kb used=11Kb max_used=11Kb free=120020Kb
 bounds [0x00007ff07b5ed000, 0x00007ff07b85d000, 0x00007ff082b25000]
CodeHeap 'profiled nmethods': size=120032Kb used=56Kb max_used=56Kb free=119975Kb
 bounds [0x00007ff0740b5000, 0x00007ff074325000, 0x00007ff07b5ed000]
CodeHeap 'non-nmethods': size=5696Kb used=973Kb max_used=983Kb free=4723Kb
 bounds [0x00007ff073b25000, 0x00007ff073d95000, 0x00007ff0740b5000]
 total_blobs=331 nmethods=51 adapters=139
 compilation: enabled

Compilation events (10 events):
Event: 0.083 Thread 0x00007ff08c14d800 nmethod 36 0x00007ff0740be690 code [0x00007ff0740be8a0, 0x00007ff0740bee98]
Event: 0.083 Thread 0x00007ff08c14d800   35       1       java.util.KeyValueHolder::getValue (5 bytes)
Event: 0.083 Thread 0x00007ff08c14d800 nmethod 35 0x00007ff07b5ee910 code [0x00007ff07b5eeac0, 0x00007ff07b5eebd0]
Event: 0.083 Thread 0x00007ff08c14d800   37       3       java.util.KeyValueHolder::<init> (21 bytes)
Event: 0.084 Thread 0x00007ff08c14d800 nmethod 37 0x00007ff0740bf110 code [0x00007ff0740bf300, 0x00007ff0740bf818]
Event: 0.084 Thread 0x00007ff08c14d800   40       3       jdk.internal.module.ModuleReferenceImpl::hashCode (56 bytes)
Event: 0.084 Thread 0x00007ff08c14d800 nmethod 40 0x00007ff0740bf990 code [0x00007ff0740bfb80, 0x00007ff0740c0048]
Event: 0.084 Thread 0x00007ff08c14d800   41       3       java.util.HashMap::hash (20 bytes)
Event: 0.084 Thread 0x00007ff08c14d800 nmethod 41 0x00007ff0740c0210 code [0x00007ff0740c03e0, 0x00007ff0740c0628]
Event: 0.084 Thread 0x00007ff08c14d800   43   !   3       java.util.concurrent.ConcurrentHashMap::putVal (432 bytes)

GC Heap History (0 events):
No events

Deoptimization events (0 events):
No events

Classes redefined (0 events):
No events

Internal exceptions (0 events):
No events

Events (10 events):
Event: 0.085 Executing VM operation: Deoptimize
Event: 0.085 Executing VM operation: Deoptimize done
Event: 0.086 loading class java/lang/ModuleLayer
Event: 0.087 loading class java/lang/ModuleLayer done
Event: 0.087 loading class java/util/ImmutableCollections$List0
Event: 0.087 loading class java/util/ImmutableCollections$List0 done
Event: 0.087 loading class java/util/AbstractList$Itr
Event: 0.087 loading class java/util/AbstractList$Itr done
Event: 0.087 loading class java/util/ArrayList$Itr
Event: 0.087 loading class java/util/ArrayList$Itr done


Dynamic libraries:
85400000-8d000000 rw-p 00000000 00:00 0 
8d000000-100000000 ---p 00000000 00:00 0 
100000000-100060000 rw-p 00000000 00:00 0 
100060000-140000000 ---p 00000000 00:00 0 
55a71f476000-55a71f477000 r-xp 00000000 08:01 57282530                   /usr/lib/jvm/java-11-openjdk-amd64/bin/java
55a71f677000-55a71f678000 r--p 00001000 08:01 57282530                   /usr/lib/jvm/java-11-openjdk-amd64/bin/java
55a71f678000-55a71f679000 rw-p 00002000 08:01 57282530                   /usr/lib/jvm/java-11-openjdk-amd64/bin/java
55a7212b9000-55a7212da000 rw-p 00000000 00:00 0                          [heap]
7ff020000000-7ff020054000 rw-p 00000000 00:00 0 
7ff020054000-7ff024000000 ---p 00000000 00:00 0 
7ff024000000-7ff024021000 rw-p 00000000 00:00 0 
7ff024021000-7ff028000000 ---p 00000000 00:00 0 
7ff028000000-7ff0280a7000 rw-p 00000000 00:00 0 
7ff0280a7000-7ff02c000000 ---p 00000000 00:00 0 
7ff02c000000-7ff02c021000 rw-p 00000000 00:00 0 
7ff02c021000-7ff030000000 ---p 00000000 00:00 0 
7ff030000000-7ff030021000 rw-p 00000000 00:00 0 
7ff030021000-7ff034000000 ---p 00000000 00:00 0 
7ff034000000-7ff034021000 rw-p 00000000 00:00 0 
7ff034021000-7ff038000000 ---p 00000000 00:00 0 
7ff038000000-7ff038021000 rw-p 00000000 00:00 0 
7ff038021000-7ff03c000000 ---p 00000000 00:00 0 
7ff03c000000-7ff03c021000 rw-p 00000000 00:00 0 
7ff03c021000-7ff040000000 ---p 00000000 00:00 0 
7ff040000000-7ff040021000 rw-p 00000000 00:00 0 
7ff040021000-7ff044000000 ---p 00000000 00:00 0 
7ff044000000-7ff044021000 rw-p 00000000 00:00 0 
7ff044021000-7ff048000000 ---p 00000000 00:00 0 
7ff048000000-7ff048021000 rw-p 00000000 00:00 0 
7ff048021000-7ff04c000000 ---p 00000000 00:00 0 
7ff04c000000-7ff04c021000 rw-p 00000000 00:00 0 
7ff04c021000-7ff050000000 ---p 00000000 00:00 0 
7ff050000000-7ff050021000 rw-p 00000000 00:00 0 
7ff050021000-7ff054000000 ---p 00000000 00:00 0 
7ff054000000-7ff054021000 rw-p 00000000 00:00 0 
7ff054021000-7ff058000000 ---p 00000000 00:00 0 
7ff058000000-7ff058021000 rw-p 00000000 00:00 0 
7ff058021000-7ff05c000000 ---p 00000000 00:00 0 
7ff05c000000-7ff05c021000 rw-p 00000000 00:00 0 
7ff05c021000-7ff060000000 ---p 00000000 00:00 0 
7ff060150000-7ff062340000 rw-p 00000000 00:00 0 
7ff062340000-7ff064000000 ---p 00000000 00:00 0 
7ff064000000-7ff064021000 rw-p 00000000 00:00 0 
7ff064021000-7ff068000000 ---p 00000000 00:00 0 
7ff068000000-7ff068021000 rw-p 00000000 00:00 0 
7ff068021000-7ff06c000000 ---p 00000000 00:00 0 
7ff06c000000-7ff06c021000 rw-p 00000000 00:00 0 
7ff06c021000-7ff070000000 ---p 00000000 00:00 0 
7ff070a9d000-7ff070aa1000 ---p 00000000 00:00 0 
7ff070aa1000-7ff070b9e000 rw-p 00000000 00:00 0 
7ff070b9e000-7ff070ba2000 ---p 00000000 00:00 0 
7ff070ba2000-7ff070c9f000 rw-p 00000000 00:00 0 
7ff070c9f000-7ff070ca3000 ---p 00000000 00:00 0 
7ff070ca3000-7ff070da0000 rw-p 00000000 00:00 0 
7ff070da0000-7ff070da4000 ---p 00000000 00:00 0 
7ff070da4000-7ff070ea1000 rw-p 00000000 00:00 0 
7ff070ea1000-7ff070ea5000 ---p 00000000 00:00 0 
7ff070ea5000-7ff070fa2000 rw-p 00000000 00:00 0 
7ff070fa2000-7ff071971000 r--p 00000000 08:01 56891963                   /usr/lib/locale/locale-archive
7ff071971000-7ff071975000 ---p 00000000 00:00 0 
7ff071975000-7ff071a72000 rw-p 00000000 00:00 0 
7ff071a72000-7ff071a76000 ---p 00000000 00:00 0 
7ff071a76000-7ff071b73000 rw-p 00000000 00:00 0 
7ff071b73000-7ff071b74000 ---p 00000000 00:00 0 
7ff071b74000-7ff071e65000 rw-p 00000000 00:00 0 
7ff071e65000-7ff073b25000 ---p 00000000 00:00 0 
7ff073b25000-7ff073d95000 rwxp 00000000 00:00 0 
7ff073d95000-7ff0740b5000 ---p 00000000 00:00 0 
7ff0740b5000-7ff074325000 rwxp 00000000 00:00 0 
7ff074325000-7ff07b5ed000 ---p 00000000 00:00 0 
7ff07b5ed000-7ff07b85d000 rwxp 00000000 00:00 0 
7ff07b85d000-7ff082b25000 ---p 00000000 00:00 0 
7ff082b25000-7ff08c000000 r--s 00000000 08:01 59901929                   /usr/lib/jvm/java-11-openjdk-amd64/lib/modules
7ff08c000000-7ff08c198000 rw-p 00000000 00:00 0 
7ff08c198000-7ff090000000 ---p 00000000 00:00 0 
7ff090076000-7ff09056f000 rw-p 00000000 00:00 0 
7ff09056f000-7ff09096f000 ---p 00000000 00:00 0 
7ff09096f000-7ff090970000 ---p 00000000 00:00 0 
7ff090970000-7ff090a71000 rw-p 00000000 00:00 0 
7ff090a71000-7ff090a72000 ---p 00000000 00:00 0 
7ff090a72000-7ff090b73000 rw-p 00000000 00:00 0 
7ff090b73000-7ff090b74000 ---p 00000000 00:00 0 
7ff090b74000-7ff090c75000 rw-p 00000000 00:00 0 
7ff090c75000-7ff090c76000 ---p 00000000 00:00 0 
7ff090c76000-7ff090d77000 rw-p 00000000 00:00 0 
7ff090d77000-7ff090d78000 ---p 00000000 00:00 0 
7ff090d78000-7ff09127d000 rw-p 00000000 00:00 0 
7ff09127d000-7ff09127e000 ---p 00000000 00:00 0 
7ff09127e000-7ff09137f000 rw-p 00000000 00:00 0 
7ff09137f000-7ff091380000 ---p 00000000 00:00 0 
7ff091380000-7ff0914bf000 rw-p 00000000 00:00 0 
7ff0914bf000-7ff091857000 ---p 00000000 00:00 0 
7ff091857000-7ff091895000 rw-p 00000000 00:00 0 
7ff091895000-7ff091c2d000 ---p 00000000 00:00 0 
7ff091c2d000-7ff091c6b000 rw-p 00000000 00:00 0 
7ff091c6b000-7ff092003000 ---p 00000000 00:00 0 
7ff092003000-7ff092407000 rw-p 00000000 00:00 0 
7ff092407000-7ff092408000 ---p 00000000 00:00 0 
7ff092408000-7ff092509000 rw-p 00000000 00:00 0 
7ff092509000-7ff09250a000 ---p 00000000 00:00 0 
7ff09250a000-7ff09260b000 rw-p 00000000 00:00 0 
7ff09260b000-7ff09260c000 ---p 00000000 00:00 0 
7ff09260c000-7ff09270d000 rw-p 00000000 00:00 0 
7ff09270d000-7ff09270e000 ---p 00000000 00:00 0 
7ff09270e000-7ff092814000 rw-p 00000000 00:00 0 
7ff092814000-7ff0928fa000 ---p 00000000 00:00 0 
7ff0928fa000-7ff0928ff000 rw-p 00000000 00:00 0 
7ff0928ff000-7ff0929e5000 ---p 00000000 00:00 0 
7ff0929e5000-7ff0929ea000 r-xp 00000000 08:01 59901911                   /usr/lib/jvm/java-11-openjdk-amd64/lib/libjimage.so
7ff0929ea000-7ff092be9000 ---p 00005000 08:01 59901911                   /usr/lib/jvm/java-11-openjdk-amd64/lib/libjimage.so
7ff092be9000-7ff092bea000 r--p 00004000 08:01 59901911                   /usr/lib/jvm/java-11-openjdk-amd64/lib/libjimage.so
7ff092bea000-7ff092beb000 rw-p 00005000 08:01 59901911                   /usr/lib/jvm/java-11-openjdk-amd64/lib/libjimage.so
7ff092beb000-7ff092bf2000 r-xp 00000000 08:01 59901928                   /usr/lib/jvm/java-11-openjdk-amd64/lib/libzip.so
7ff092bf2000-7ff092df1000 ---p 00007000 08:01 59901928                   /usr/lib/jvm/java-11-openjdk-amd64/lib/libzip.so
7ff092df1000-7ff092df2000 r--p 00006000 08:01 59901928                   /usr/lib/jvm/java-11-openjdk-amd64/lib/libzip.so
7ff092df2000-7ff092df3000 rw-p 00007000 08:01 59901928                   /usr/lib/jvm/java-11-openjdk-amd64/lib/libzip.so
7ff092df3000-7ff092dfe000 r-xp 00000000 08:01 18354832                   /lib/x86_64-linux-gnu/libnss_files-2.27.so
7ff092dfe000-7ff092ffd000 ---p 0000b000 08:01 18354832                   /lib/x86_64-linux-gnu/libnss_files-2.27.so
7ff092ffd000-7ff092ffe000 r--p 0000a000 08:01 18354832                   /lib/x86_64-linux-gnu/libnss_files-2.27.so
7ff092ffe000-7ff092fff000 rw-p 0000b000 08:01 18354832                   /lib/x86_64-linux-gnu/libnss_files-2.27.so
7ff092fff000-7ff093005000 rw-p 00000000 00:00 0 
7ff093005000-7ff09301c000 r-xp 00000000 08:01 18354826                   /lib/x86_64-linux-gnu/libnsl-2.27.so
7ff09301c000-7ff09321b000 ---p 00017000 08:01 18354826                   /lib/x86_64-linux-gnu/libnsl-2.27.so
7ff09321b000-7ff09321c000 r--p 00016000 08:01 18354826                   /lib/x86_64-linux-gnu/libnsl-2.27.so
7ff09321c000-7ff09321d000 rw-p 00017000 08:01 18354826                   /lib/x86_64-linux-gnu/libnsl-2.27.so
7ff09321d000-7ff09321f000 rw-p 00000000 00:00 0 
7ff09321f000-7ff09322a000 r-xp 00000000 08:01 18354843                   /lib/x86_64-linux-gnu/libnss_nis-2.27.so
7ff09322a000-7ff093429000 ---p 0000b000 08:01 18354843                   /lib/x86_64-linux-gnu/libnss_nis-2.27.so
7ff093429000-7ff09342a000 r--p 0000a000 08:01 18354843                   /lib/x86_64-linux-gnu/libnss_nis-2.27.so
7ff09342a000-7ff09342b000 rw-p 0000b000 08:01 18354843                   /lib/x86_64-linux-gnu/libnss_nis-2.27.so
7ff09342b000-7ff093433000 r-xp 00000000 08:01 18354828                   /lib/x86_64-linux-gnu/libnss_compat-2.27.so
7ff093433000-7ff093633000 ---p 00008000 08:01 18354828                   /lib/x86_64-linux-gnu/libnss_compat-2.27.so
7ff093633000-7ff093634000 r--p 00008000 08:01 18354828                   /lib/x86_64-linux-gnu/libnss_compat-2.27.so
7ff093634000-7ff093635000 rw-p 00009000 08:01 18354828                   /lib/x86_64-linux-gnu/libnss_compat-2.27.so
7ff093635000-7ff093661000 r-xp 00000000 08:01 59901907                   /usr/lib/jvm/java-11-openjdk-amd64/lib/libjava.so
7ff093661000-7ff093860000 ---p 0002c000 08:01 59901907                   /usr/lib/jvm/java-11-openjdk-amd64/lib/libjava.so
7ff093860000-7ff093861000 r--p 0002b000 08:01 59901907                   /usr/lib/jvm/java-11-openjdk-amd64/lib/libjava.so
7ff093861000-7ff093863000 rw-p 0002c000 08:01 59901907                   /usr/lib/jvm/java-11-openjdk-amd64/lib/libjava.so
7ff093863000-7ff093870000 r-xp 00000000 08:01 59901927                   /usr/lib/jvm/java-11-openjdk-amd64/lib/libverify.so
7ff093870000-7ff093a6f000 ---p 0000d000 08:01 59901927                   /usr/lib/jvm/java-11-openjdk-amd64/lib/libverify.so
7ff093a6f000-7ff093a71000 r--p 0000c000 08:01 59901927                   /usr/lib/jvm/java-11-openjdk-amd64/lib/libverify.so
7ff093a71000-7ff093a72000 rw-p 0000e000 08:01 59901927                   /usr/lib/jvm/java-11-openjdk-amd64/lib/libverify.so
7ff093a72000-7ff093a79000 r-xp 00000000 08:01 18354883                   /lib/x86_64-linux-gnu/librt-2.27.so
7ff093a79000-7ff093c78000 ---p 00007000 08:01 18354883                   /lib/x86_64-linux-gnu/librt-2.27.so
7ff093c78000-7ff093c79000 r--p 00006000 08:01 18354883                   /lib/x86_64-linux-gnu/librt-2.27.so
7ff093c79000-7ff093c7a000 rw-p 00007000 08:01 18354883                   /lib/x86_64-linux-gnu/librt-2.27.so
7ff093c7a000-7ff093c91000 r-xp 00000000 08:01 18350086                   /lib/x86_64-linux-gnu/libgcc_s.so.1
7ff093c91000-7ff093e90000 ---p 00017000 08:01 18350086                   /lib/x86_64-linux-gnu/libgcc_s.so.1
7ff093e90000-7ff093e91000 r--p 00016000 08:01 18350086                   /lib/x86_64-linux-gnu/libgcc_s.so.1
7ff093e91000-7ff093e92000 rw-p 00017000 08:01 18350086                   /lib/x86_64-linux-gnu/libgcc_s.so.1
7ff093e92000-7ff09402f000 r-xp 00000000 08:01 18354805                   /lib/x86_64-linux-gnu/libm-2.27.so
7ff09402f000-7ff09422e000 ---p 0019d000 08:01 18354805                   /lib/x86_64-linux-gnu/libm-2.27.so
7ff09422e000-7ff09422f000 r--p 0019c000 08:01 18354805                   /lib/x86_64-linux-gnu/libm-2.27.so
7ff09422f000-7ff094230000 rw-p 0019d000 08:01 18354805                   /lib/x86_64-linux-gnu/libm-2.27.so
7ff094230000-7ff0943a9000 r-xp 00000000 08:01 56887943                   /usr/lib/x86_64-linux-gnu/libstdc++.so.6.0.25
7ff0943a9000-7ff0945a9000 ---p 00179000 08:01 56887943                   /usr/lib/x86_64-linux-gnu/libstdc++.so.6.0.25
7ff0945a9000-7ff0945b3000 r--p 00179000 08:01 56887943                   /usr/lib/x86_64-linux-gnu/libstdc++.so.6.0.25
7ff0945b3000-7ff0945b5000 rw-p 00183000 08:01 56887943                   /usr/lib/x86_64-linux-gnu/libstdc++.so.6.0.25
7ff0945b5000-7ff0945b9000 rw-p 00000000 00:00 0 
7ff0945b9000-7ff095556000 r-xp 00000000 08:01 60032230                   /usr/lib/jvm/java-11-openjdk-amd64/lib/server/libjvm.so
7ff095556000-7ff095756000 ---p 00f9d000 08:01 60032230                   /usr/lib/jvm/java-11-openjdk-amd64/lib/server/libjvm.so
7ff095756000-7ff09581a000 r--p 00f9d000 08:01 60032230                   /usr/lib/jvm/java-11-openjdk-amd64/lib/server/libjvm.so
7ff09581a000-7ff095852000 rw-p 01061000 08:01 60032230                   /usr/lib/jvm/java-11-openjdk-amd64/lib/server/libjvm.so
7ff095852000-7ff09589b000 rw-p 00000000 00:00 0 
7ff09589b000-7ff0958b5000 r-xp 00000000 08:01 18354875                   /lib/x86_64-linux-gnu/libpthread-2.27.so
7ff0958b5000-7ff095ab4000 ---p 0001a000 08:01 18354875                   /lib/x86_64-linux-gnu/libpthread-2.27.so
7ff095ab4000-7ff095ab5000 r--p 00019000 08:01 18354875                   /lib/x86_64-linux-gnu/libpthread-2.27.so
7ff095ab5000-7ff095ab6000 rw-p 0001a000 08:01 18354875                   /lib/x86_64-linux-gnu/libpthread-2.27.so
7ff095ab6000-7ff095aba000 rw-p 00000000 00:00 0 
7ff095aba000-7ff095abd000 r-xp 00000000 08:01 18354765                   /lib/x86_64-linux-gnu/libdl-2.27.so
7ff095abd000-7ff095cbc000 ---p 00003000 08:01 18354765                   /lib/x86_64-linux-gnu/libdl-2.27.so
7ff095cbc000-7ff095cbd000 r--p 00002000 08:01 18354765                   /lib/x86_64-linux-gnu/libdl-2.27.so
7ff095cbd000-7ff095cbe000 rw-p 00003000 08:01 18354765                   /lib/x86_64-linux-gnu/libdl-2.27.so
7ff095cbe000-7ff095cda000 r-xp 00000000 08:01 18354914                   /lib/x86_64-linux-gnu/libz.so.1.2.11
7ff095cda000-7ff095ed9000 ---p 0001c000 08:01 18354914                   /lib/x86_64-linux-gnu/libz.so.1.2.11
7ff095ed9000-7ff095eda000 r--p 0001b000 08:01 18354914                   /lib/x86_64-linux-gnu/libz.so.1.2.11
7ff095eda000-7ff095edb000 rw-p 0001c000 08:01 18354914                   /lib/x86_64-linux-gnu/libz.so.1.2.11
7ff095edb000-7ff0960c2000 r-xp 00000000 08:01 18354742                   /lib/x86_64-linux-gnu/libc-2.27.so
7ff0960c2000-7ff0962c2000 ---p 001e7000 08:01 18354742                   /lib/x86_64-linux-gnu/libc-2.27.so
7ff0962c2000-7ff0962c6000 r--p 001e7000 08:01 18354742                   /lib/x86_64-linux-gnu/libc-2.27.so
7ff0962c6000-7ff0962c8000 rw-p 001eb000 08:01 18354742                   /lib/x86_64-linux-gnu/libc-2.27.so
7ff0962c8000-7ff0962cc000 rw-p 00000000 00:00 0 
7ff0962cc000-7ff0962db000 r-xp 00000000 08:01 59901892                   /usr/lib/jvm/java-11-openjdk-amd64/lib/jli/libjli.so
7ff0962db000-7ff0964da000 ---p 0000f000 08:01 59901892                   /usr/lib/jvm/java-11-openjdk-amd64/lib/jli/libjli.so
7ff0964da000-7ff0964db000 r--p 0000e000 08:01 59901892                   /usr/lib/jvm/java-11-openjdk-amd64/lib/jli/libjli.so
7ff0964db000-7ff0964dc000 rw-p 0000f000 08:01 59901892                   /usr/lib/jvm/java-11-openjdk-amd64/lib/jli/libjli.so
7ff0964dc000-7ff096503000 r-xp 00000000 08:01 18354714                   /lib/x86_64-linux-gnu/ld-2.27.so
7ff096521000-7ff0965e3000 rw-p 00000000 00:00 0 
7ff0965e3000-7ff0965ea000 ---p 00000000 00:00 0 
7ff0965ea000-7ff0965ee000 ---p 00000000 00:00 0 
7ff0965ee000-7ff0966ed000 rw-p 00000000 00:00 0 
7ff0966f6000-7ff0966f7000 rw-p 00000000 00:00 0 
7ff0966f7000-7ff0966ff000 rw-s 00000000 08:01 14418086                   /tmp/hsperfdata_olive/5561
7ff0966ff000-7ff096700000 ---p 00000000 00:00 0 
7ff096700000-7ff096701000 r--p 00000000 00:00 0 
7ff096701000-7ff096703000 rw-p 00000000 00:00 0 
7ff096703000-7ff096704000 r--p 00027000 08:01 18354714                   /lib/x86_64-linux-gnu/ld-2.27.so
7ff096704000-7ff096705000 rw-p 00028000 08:01 18354714                   /lib/x86_64-linux-gnu/ld-2.27.so
7ff096705000-7ff096706000 rw-p 00000000 00:00 0 
7ffe73dcd000-7ffe73dee000 rw-p 00000000 00:00 0                          [stack]
7ffe73df6000-7ffe73df9000 r--p 00000000 00:00 0                          [vvar]
7ffe73df9000-7ffe73dfb000 r-xp 00000000 00:00 0                          [vdso]
ffffffffff600000-ffffffffff601000 r-xp 00000000 00:00 0                  [vsyscall]


VM Arguments:
jvm_args: -ea -Dfile.encoding=UTF-8 
java_command: org.testng.remote.RemoteTestNG -serport 38691 -protocol json -d /home/olive/eclipse-workspace/HiUpRecruiterTest/test-output /tmp/testng-eclipse-2061278747/testng-customsuite.xml
java_class_path (initial): /home/olive/eclipse/java-2018-09/eclipse/configuration/org.eclipse.osgi/520/0/.cp/lib/testng-remote.jar:/home/olive/eclipse-workspace/HiUpRecruiterTest/bin:/home/olive/.p2/pool/plugins/org.testng_6.14.2.r201802161450.jar:/home/olive/.p2/pool/plugins/com.beust.jcommander_1.72.0.jar:/home/olive/.p2/pool/plugins/org.apache-extras.beanshell.bsh_2.0.0.b6.jar:/home/olive/.p2/pool/plugins/org.yaml.snakeyaml_1.17.0.jar:/home/olive/Downloads/poi-bin-4.0.1-20181203/poi-4.0.1/activation-1.1.1.jar:/home/olive/Downloads/poi-bin-4.0.1-20181203/poi-4.0.1/commons-codec-1.11.jar:/home/olive/Downloads/poi-bin-4.0.1-20181203/poi-4.0.1/commons-collections4-4.2.jar:/home/olive/Downloads/poi-bin-4.0.1-20181203/poi-4.0.1/commons-compress-1.18.jar:/home/olive/Downloads/poi-bin-4.0.1-20181203/poi-4.0.1/commons-logging-1.2.jar:/home/olive/Downloads/poi-bin-4.0.1-20181203/poi-4.0.1/commons-math3-3.6.1.jar:/home/olive/Downloads/poi-bin-4.0.1-20181203/poi-4.0.1/curvesapi-1.05.jar:/home/olive/Downloads/poi-bin-4.0.1-20181203/poi-4.0.1/jaxb-api-2.3.0.jar:/home/olive/Downloads/poi-bin-4.0.1-20181203/poi-4.0.1/jaxb-core-2.3.0.1.jar:/home/olive/Downloads/poi-bin-4.0.1-20181203/poi-4.0.1/jaxb-impl-2.3.0.1.jar:/home/olive/Downloads/poi-bin-4.0.1-20181203/poi-4.0.1/junit-4.12.jar:/home/olive/Downloads/poi-bin-4.0.1-20181203/poi-4.0.1/log4j-1.2.17.jar:/home/olive/Downloads/poi-bin-4.0.1-20181203/poi-4.0.1/poi-4.0.1.jar:/home/olive/Downloads/poi-bin-4.0.1-20181203/poi-4.0.1/poi-examples-4.0.1.jar:/home/olive/Downloads/poi-bin-4.0.1-20181203/poi-4.0.1/poi-excelant-4.0.1.jar:/home/olive/Downloads/poi-bin-4.0.1-20181203/poi-4.0.1/poi-ooxml-4.0.1.jar:/home/olive/Downloads/poi-bin-4.0.1-20181203/poi-4.0.1/poi-ooxml-schemas-4.0.1.jar:/home/olive/Downloads/poi-bin-4.0.1-20181203/poi-4.0.1/poi-scratchpad-4.0.1.jar:/home/olive/Downloads/poi-bin-4.0.1-20181203/poi-4.0.1/xmlbeans-3.0.2.jar:/home/olive/eclipse-workspace/HiUpRecruiterTest/lib/selenium3jars/selenium-server-standalone-3.141
Launcher Type: SUN_STANDARD

Logging:
Log output configuration:
#0: stdout all=warning uptime,level,tags
#1: stderr all=off uptime,level,tags

Environment Variables:
JAVA_HOME=/usr/lib/jvm/java-11-openjdk-amd64/bin/
PATH=/usr/local/sbin:/usr/local/bin:/usr/sbin:/usr/bin:/sbin:/bin:/usr/games:/usr/local/games:/snap/bin
USERNAME=olive
SHELL=/bin/bash
DISPLAY=:0

Signal Handlers:
SIGSEGV: [libjvm.so+0xd28b70], sa_mask[0]=11111111011111111101111111111110, sa_flags=SA_RESTART|SA_SIGINFO
SIGBUS: [libjvm.so+0xd28b70], sa_mask[0]=11111111011111111101111111111110, sa_flags=SA_RESTART|SA_SIGINFO
SIGFPE: [libjvm.so+0xd28b70], sa_mask[0]=11111111011111111101111111111110, sa_flags=SA_RESTART|SA_SIGINFO
SIGPIPE: [libjvm.so+0xb2a1f0], sa_mask[0]=11111111011111111101111111111110, sa_flags=SA_RESTART|SA_SIGINFO
SIGXFSZ: [libjvm.so+0xb2a1f0], sa_mask[0]=11111111011111111101111111111110, sa_flags=SA_RESTART|SA_SIGINFO
SIGILL: [libjvm.so+0xd28b70], sa_mask[0]=11111111011111111101111111111110, sa_flags=SA_RESTART|SA_SIGINFO
SIGUSR2: [libjvm.so+0xb2a030], sa_mask[0]=00100000000000000000000000000000, sa_flags=SA_RESTART|SA_SIGINFO
SIGHUP: [libjvm.so+0xb2a180], sa_mask[0]=11111111011111111101111111111110, sa_flags=SA_RESTART|SA_SIGINFO
SIGINT: [libjvm.so+0xb2a180], sa_mask[0]=11111111011111111101111111111110, sa_flags=SA_RESTART|SA_SIGINFO
SIGTERM: [libjvm.so+0xb2a180], sa_mask[0]=11111111011111111101111111111110, sa_flags=SA_RESTART|SA_SIGINFO
SIGQUIT: [libjvm.so+0xb2a180], sa_mask[0]=11111111011111111101111111111110, sa_flags=SA_RESTART|SA_SIGINFO


---------------  S Y S T E M  ---------------

OS:DISTRIB_ID=Ubuntu
DISTRIB_RELEASE=18.04
DISTRIB_CODENAME=bionic
DISTRIB_DESCRIPTION="Ubuntu 18.04 LTS"
uname:Linux 4.15.0-20-generic #21-Ubuntu SMP Tue Apr 24 06:16:15 UTC 2018 x86_64
libc:glibc 2.27 NPTL 2.27 
rlimit: STACK 8192k, CORE 0k, NPROC 31176, NOFILE 4096, AS infinity, DATA infinity, FSIZE infinity
load average:0.96 0.81 0.84

/proc/meminfo:
MemTotal:        8039916 kB
MemFree:         2836488 kB
MemAvailable:    4285112 kB
Buffers:           77624 kB
Cached:          1946172 kB
SwapCached:            0 kB
Active:          3589776 kB
Inactive:        1268700 kB
Active(anon):    2831448 kB
Inactive(anon):   399748 kB
Active(file):     758328 kB
Inactive(file):   868952 kB
Unevictable:          96 kB
Mlocked:              96 kB
SwapTotal:       2097148 kB
SwapFree:        2097148 kB
Dirty:               684 kB
Writeback:             0 kB
AnonPages:       2834880 kB
Mapped:           667204 kB
Shmem:            401096 kB
Slab:             155000 kB
SReclaimable:      93824 kB
SUnreclaim:        61176 kB
KernelStack:       13520 kB
PageTables:        63964 kB
NFS_Unstable:          0 kB
Bounce:                0 kB
WritebackTmp:          0 kB
CommitLimit:     6117104 kB
Committed_AS:    9187872 kB
VmallocTotal:   34359738367 kB
VmallocUsed:           0 kB
VmallocChunk:          0 kB
HardwareCorrupted:     0 kB
AnonHugePages:         0 kB
ShmemHugePages:        0 kB
ShmemPmdMapped:        0 kB
CmaTotal:              0 kB
CmaFree:               0 kB
HugePages_Total:       0
HugePages_Free:        0
HugePages_Rsvd:        0
HugePages_Surp:        0
Hugepagesize:       2048 kB
DirectMap4k:      244108 kB
DirectMap2M:     8015872 kB
DirectMap1G:     1048576 kB

container (cgroup) information:
container_type: cgroupv1
cpu_cpuset_cpus: 0-3
cpu_memory_nodes: 0
active_processor_count: 4
cpu_quota: -1
cpu_period: 100000
cpu_shares: -1
memory_limit_in_bytes: -1
memory_and_swap_limit_in_bytes: -2
memory_soft_limit_in_bytes: -1
memory_usage_in_bytes: 4975505408
memory_max_usage_in_bytes: 0


CPU:total 4 (initial active 4) (2 cores per cpu, 2 threads per core) family 6 model 78 stepping 3, cmov, cx8, fxsr, mmx, sse, sse2, sse3, ssse3, sse4.1, sse4.2, popcnt, avx, avx2, aes, clmul, erms, 3dnowpref, lzcnt, ht, tsc, tscinvbit, bmi1, bmi2, adx, fma
CPU Model and flags from /proc/cpuinfo:
model name	: Intel(R) Core(TM) i5-6200U CPU @ 2.30GHz
flags		: fpu vme de pse tsc msr pae mce cx8 apic sep mtrr pge mca cmov pat pse36 clflush dts acpi mmx fxsr sse sse2 ss ht tm pbe syscall nx pdpe1gb rdtscp lm constant_tsc art arch_perfmon pebs bts rep_good nopl xtopology nonstop_tsc cpuid aperfmperf tsc_known_freq pni pclmulqdq dtes64 monitor ds_cpl vmx est tm2 ssse3 sdbg fma cx16 xtpr pdcm pcid sse4_1 sse4_2 x2apic movbe popcnt aes xsave avx f16c rdrand lahf_lm abm 3dnowprefetch cpuid_fault epb invpcid_single pti tpr_shadow vnmi flexpriority ept vpid fsgsbase tsc_adjust bmi1 avx2 smep bmi2 erms invpcid mpx rdseed adx smap clflushopt intel_pt xsaveopt xsavec xgetbv1 xsaves dtherm ida arat pln pts hwp hwp_notify hwp_act_window hwp_epp

Memory: 4k page, physical 8039916k(2836488k free), swap 2097148k(2097148k free)

vm_info: OpenJDK 64-Bit Server VM (10.0.2+13-Ubuntu-1ubuntu0.18.04.4) for linux-amd64 JRE (10.0.2+13-Ubuntu-1ubuntu0.18.04.4), built on Nov 13 2018 12:53:39 by "buildd" with gcc 7.3.0

END.
